<?xml version="1.0" encoding="UTF-8"?>
<!-- Generated by org.testng.reporters.JUnitReportReporter -->
<testsuite hostname="DESKTOP-DEG1UMM" failures="0" tests="2" name="maventest.SeleniumDummyTest" time="0.024" errors="0" timestamp="2019-12-11T21:09:53 IST" skipped="0">
  <testcase classname="maventest.SeleniumDummyTest" name="one" time="0.021"/>
  <testcase classname="maventest.SeleniumDummyTest" name="two" time="0.003"/>
</testsuite> <!-- maventest.SeleniumDummyTest -->
