<?xml version="1.0" encoding="UTF-8"?>
<!-- Generated by org.testng.reporters.JUnitReportReporter -->
<testsuite hostname="DESKTOP-DEG1UMM" failures="0" tests="1" name="maventest.AppTest" time="0.029" errors="0" timestamp="2019-12-11T19:55:11 IST" skipped="0">
  <testcase classname="maventest.AppTest" name="testApp" time="0.029"/>
</testsuite> <!-- maventest.AppTest -->
