<?xml version="1.0" encoding="UTF-8"?>
<!-- Generated by org.testng.reporters.JUnitReportReporter -->
<testsuite hostname="DESKTOP-DEG1UMM" failures="0" tests="2" name="maventest.APIDummyTest" time="0.009" errors="0" timestamp="2019-12-11T21:40:15 IST" skipped="0">
  <testcase classname="maventest.APIDummyTest" name="three" time="0.000"/>
  <testcase classname="maventest.APIDummyTest" name="four" time="0.009"/>
</testsuite> <!-- maventest.APIDummyTest -->
